<?xml version="1.0" encoding="UTF-8" ?>
<testsuite tests="10" failures="0" name="suits.TestSuite" time="656.834" errors="2" skipped="0">
  <properties>
[...]
</properties>
  <testcase classname="tests.ArticleTests" name="testCompareArticleTitle" time="42.048"/>
  <testcase classname="tests.ArticleTests" name="testSwipeArticle" time="303.579"/>
  <testcase classname="tests.ChangeAppConditionTests" name="testChangeScreenOrientationOnSearchResult" time="63.063"/>
  <testcase classname="tests.ChangeAppConditionTests" name="testCheckSearchArticleInBackground" time="31.3"/>
  <testcase classname="tests.GetStartedTest" name="testPassThroughWelcome" time="24.709">
    <error message="The element &apos;&quot;Next&quot; Button&apos; is not visible on the screen and thus is not interactable
Build info: version: &apos;3.12.0&apos;, revision: &apos;7c6e0b3&apos;, time: &apos;2018-05-08T14:04:26.12Z&apos;
System info: host: &apos;Mac-mini-Roma.local&apos;, ip: &apos;192.168.3.69&apos;, os.name: &apos;Mac OS X&apos;, os.arch: &apos;x86_64&apos;, os.version: &apos;10.15.6&apos;, java.version: &apos;1.8.0_271&apos;
Driver info: io.appium.java_client.ios.IOSDriver
Capabilities {app: /Users/yuliaboyko/Documents..., browserName: , databaseEnabled: false, deviceName: iPhone SE, javascriptEnabled: true, locationContextEnabled: false, networkConnectionEnabled: false, platform: MAC, platformName: iOS, platformVersion: 11.3, takesScreenshot: true, udid: EA8241F7-AE46-4401-ACE8-D5D..., webStorageEnabled: false}
Session ID: 8d679ed1-2dc8-4367-97af-569b49b916b6" type="org.openqa.selenium.ElementNotVisibleException">org.openqa.selenium.ElementNotVisibleException: The element &apos;&quot;Next&quot; Button&apos; is not visible on the screen and thus is not interactable
Build info: version: &apos;3.12.0&apos;, revision: &apos;7c6e0b3&apos;, time: &apos;2018-05-08T14:04:26.12Z&apos;
System info: host: &apos;Mac-mini-Roma.local&apos;, ip: &apos;192.168.3.69&apos;, os.name: &apos;Mac OS X&apos;, os.arch: &apos;x86_64&apos;, os.version: &apos;10.15.6&apos;, java.version: &apos;1.8.0_271&apos;
Driver info: io.appium.java_client.ios.IOSDriver
Capabilities {app: /Users/yuliaboyko/Documents..., browserName: , databaseEnabled: false, deviceName: iPhone SE, javascriptEnabled: true, locationContextEnabled: false, networkConnectionEnabled: false, platform: MAC, platformName: iOS, platformVersion: 11.3, takesScreenshot: true, udid: EA8241F7-AE46-4401-ACE8-D5D..., webStorageEnabled: false}
Session ID: 8d679ed1-2dc8-4367-97af-569b49b916b6
	at sun.reflect.NativeConstructorAccessorImpl.newInstance0(Native Method)
	at sun.reflect.NativeConstructorAccessorImpl.newInstance(NativeConstructorAccessorImpl.java:62)
	at sun.reflect.DelegatingConstructorAccessorImpl.newInstance(DelegatingConstructorAccessorImpl.java:45)
	at java.lang.reflect.Constructor.newInstance(Constructor.java:423)
	at org.openqa.selenium.remote.http.W3CHttpResponseCodec.createException(W3CHttpResponseCodec.java:187)
	at org.openqa.selenium.remote.http.W3CHttpResponseCodec.decode(W3CHttpResponseCodec.java:122)
	at org.openqa.selenium.remote.http.W3CHttpResponseCodec.decode(W3CHttpResponseCodec.java:49)
	at org.openqa.selenium.remote.HttpCommandExecutor.execute(HttpCommandExecutor.java:158)
	at io.appium.java_client.remote.AppiumCommandExecutor.execute(AppiumCommandExecutor.java:231)
	at org.openqa.selenium.remote.RemoteWebDriver.execute(RemoteWebDriver.java:543)
	at io.appium.java_client.DefaultGenericMobileDriver.execute(DefaultGenericMobileDriver.java:42)
	at io.appium.java_client.AppiumDriver.execute(AppiumDriver.java:1)
	at io.appium.java_client.ios.IOSDriver.execute(IOSDriver.java:1)
	at org.openqa.selenium.remote.RemoteWebElement.execute(RemoteWebElement.java:276)
	at io.appium.java_client.DefaultGenericMobileElement.execute(DefaultGenericMobileElement.java:45)
	at io.appium.java_client.MobileElement.execute(MobileElement.java:1)
	at io.appium.java_client.ios.IOSElement.execute(IOSElement.java:1)
	at org.openqa.selenium.remote.RemoteWebElement.click(RemoteWebElement.java:83)
	at lib.ui.MainPageObject.waitForElementAndClick(MainPageObject.java:54)
	at lib.ui.WelcomePageObject.clickNextButton(WelcomePageObject.java:32)
	at tests.GetStartedTest.testPassThroughWelcome(GetStartedTest.java:19)
	at sun.reflect.NativeMethodAccessorImpl.invoke0(Native Method)
	at sun.reflect.NativeMethodAccessorImpl.invoke(NativeMethodAccessorImpl.java:62)
	at sun.reflect.DelegatingMethodAccessorImpl.invoke(DelegatingMethodAccessorImpl.java:43)
	at java.lang.reflect.Method.invoke(Method.java:498)
	at junit.framework.TestCase.runTest(TestCase.java:176)
	at junit.framework.TestCase.runBare(TestCase.java:141)
	at junit.framework.TestResult$1.protect(TestResult.java:122)
	at junit.framework.TestResult.runProtected(TestResult.java:142)
	at junit.framework.TestResult.run(TestResult.java:125)
	at junit.framework.TestCase.run(TestCase.java:129)
	at junit.framework.TestSuite.runTest(TestSuite.java:252)
	at junit.framework.TestSuite.run(TestSuite.java:247)
	at org.junit.internal.runners.JUnit38ClassRunner.run(JUnit38ClassRunner.java:86)
	at org.junit.runners.Suite.runChild(Suite.java:128)
	at org.junit.runners.Suite.runChild(Suite.java:27)
	at org.junit.runners.ParentRunner$3.run(ParentRunner.java:290)
	at org.junit.runners.ParentRunner$1.schedule(ParentRunner.java:71)
	at org.junit.runners.ParentRunner.runChildren(ParentRunner.java:288)
	at org.junit.runners.ParentRunner.access$000(ParentRunner.java:58)
	at org.junit.runners.ParentRunner$2.evaluate(ParentRunner.java:268)
	at org.junit.runners.ParentRunner.run(ParentRunner.java:363)
	at org.apache.maven.surefire.junit4.JUnit4Provider.execute(JUnit4Provider.java:252)
	at org.apache.maven.surefire.junit4.JUnit4Provider.executeTestSet(JUnit4Provider.java:141)
	at org.apache.maven.surefire.junit4.JUnit4Provider.invoke(JUnit4Provider.java:112)
	at sun.reflect.NativeMethodAccessorImpl.invoke0(Native Method)
	at sun.reflect.NativeMethodAccessorImpl.invoke(NativeMethodAccessorImpl.java:62)
	at sun.reflect.DelegatingMethodAccessorImpl.invoke(DelegatingMethodAccessorImpl.java:43)
	at java.lang.reflect.Method.invoke(Method.java:498)
	at org.apache.maven.surefire.util.ReflectionUtils.invokeMethodWithArray(ReflectionUtils.java:189)
	at org.apache.maven.surefire.booter.ProviderFactory$ProviderProxy.invoke(ProviderFactory.java:165)
	at org.apache.maven.surefire.booter.ProviderFactory.invokeProvider(ProviderFactory.java:85)
	at org.apache.maven.surefire.booter.ForkedBooter.runSuitesInProcess(ForkedBooter.java:115)
	at org.apache.maven.surefire.booter.ForkedBooter.main(ForkedBooter.java:75)
</error>
    <system-err>дек 01, 2020 5:33:00 PM io.appium.java_client.remote.AppiumCommandExecutor$1 lambda$0
INFO: Detected dialect: W3C
</system-err>
  </testcase>
  <testcase classname="tests.MyListsTests" name="testSaveFirstArticleToMyList" time="83.669">
    <error message="Expected condition failed: Cannot find navigation button to my list
 (tried for 10 second(s) with 500 milliseconds interval)" type="org.openqa.selenium.TimeoutException">org.openqa.selenium.TimeoutException: Expected condition failed: Cannot find navigation button to my list
 (tried for 10 second(s) with 500 milliseconds interval)
	at org.openqa.selenium.support.ui.WebDriverWait.timeoutException(WebDriverWait.java:81)
	at org.openqa.selenium.support.ui.FluentWait.until(FluentWait.java:271)
	at lib.ui.MainPageObject.waitForElementPresent(MainPageObject.java:41)
	at lib.ui.MainPageObject.waitForElementAndClick(MainPageObject.java:53)
	at lib.ui.NavigationUI.clickMyLists(NavigationUI.java:17)
	at tests.MyListsTests.testSaveFirstArticleToMyList(MyListsTests.java:43)
	at sun.reflect.NativeMethodAccessorImpl.invoke0(Native Method)
	at sun.reflect.NativeMethodAccessorImpl.invoke(NativeMethodAccessorImpl.java:62)
	at sun.reflect.DelegatingMethodAccessorImpl.invoke(DelegatingMethodAccessorImpl.java:43)
	at java.lang.reflect.Method.invoke(Method.java:498)
	at junit.framework.TestCase.runTest(TestCase.java:176)
	at junit.framework.TestCase.runBare(TestCase.java:141)
	at junit.framework.TestResult$1.protect(TestResult.java:122)
	at junit.framework.TestResult.runProtected(TestResult.java:142)
	at junit.framework.TestResult.run(TestResult.java:125)
	at junit.framework.TestCase.run(TestCase.java:129)
	at junit.framework.TestSuite.runTest(TestSuite.java:252)
	at junit.framework.TestSuite.run(TestSuite.java:247)
	at org.junit.internal.runners.JUnit38ClassRunner.run(JUnit38ClassRunner.java:86)
	at org.junit.runners.Suite.runChild(Suite.java:128)
	at org.junit.runners.Suite.runChild(Suite.java:27)
	at org.junit.runners.ParentRunner$3.run(ParentRunner.java:290)
	at org.junit.runners.ParentRunner$1.schedule(ParentRunner.java:71)
	at org.junit.runners.ParentRunner.runChildren(ParentRunner.java:288)
	at org.junit.runners.ParentRunner.access$000(ParentRunner.java:58)
	at org.junit.runners.ParentRunner$2.evaluate(ParentRunner.java:268)
	at org.junit.runners.ParentRunner.run(ParentRunner.java:363)
	at org.apache.maven.surefire.junit4.JUnit4Provider.execute(JUnit4Provider.java:252)
	at org.apache.maven.surefire.junit4.JUnit4Provider.executeTestSet(JUnit4Provider.java:141)
	at org.apache.maven.surefire.junit4.JUnit4Provider.invoke(JUnit4Provider.java:112)
	at sun.reflect.NativeMethodAccessorImpl.invoke0(Native Method)
	at sun.reflect.NativeMethodAccessorImpl.invoke(NativeMethodAccessorImpl.java:62)
	at sun.reflect.DelegatingMethodAccessorImpl.invoke(DelegatingMethodAccessorImpl.java:43)
	at java.lang.reflect.Method.invoke(Method.java:498)
	at org.apache.maven.surefire.util.ReflectionUtils.invokeMethodWithArray(ReflectionUtils.java:189)
	at org.apache.maven.surefire.booter.ProviderFactory$ProviderProxy.invoke(ProviderFactory.java:165)
	at org.apache.maven.surefire.booter.ProviderFactory.invokeProvider(ProviderFactory.java:85)
	at org.apache.maven.surefire.booter.ForkedBooter.runSuitesInProcess(ForkedBooter.java:115)
	at org.apache.maven.surefire.booter.ForkedBooter.main(ForkedBooter.java:75)
Caused by: org.openqa.selenium.NoSuchElementException: Cannot locate an element using By.id: Saved
For documentation on this error, please visit: http://seleniumhq.org/exceptions/no_such_element.html
Build info: version: &apos;3.12.0&apos;, revision: &apos;7c6e0b3&apos;, time: &apos;2018-05-08T14:04:26.12Z&apos;
System info: host: &apos;Mac-mini-Roma.local&apos;, ip: &apos;192.168.3.69&apos;, os.name: &apos;Mac OS X&apos;, os.arch: &apos;x86_64&apos;, os.version: &apos;10.15.6&apos;, java.version: &apos;1.8.0_271&apos;
Driver info: driver.version: unknown
	at org.openqa.selenium.support.ui.ExpectedConditions.lambda$findElement$0(ExpectedConditions.java:896)
	at java.util.Optional.orElseThrow(Optional.java:290)
	at org.openqa.selenium.support.ui.ExpectedConditions.findElement(ExpectedConditions.java:895)
	at org.openqa.selenium.support.ui.ExpectedConditions.access$000(ExpectedConditions.java:44)
	at org.openqa.selenium.support.ui.ExpectedConditions$6.apply(ExpectedConditions.java:183)
	at org.openqa.selenium.support.ui.ExpectedConditions$6.apply(ExpectedConditions.java:180)
	at org.openqa.selenium.support.ui.FluentWait.until(FluentWait.java:248)
	... 37 more
</error>
    <system-err>дек 01, 2020 5:33:26 PM io.appium.java_client.remote.AppiumCommandExecutor$1 lambda$0
INFO: Detected dialect: W3C
</system-err>
  </testcase>
  <testcase classname="tests.SearchTests" name="testAmountOfNotEmptySearch" time="29.527"/>
  <testcase classname="tests.SearchTests" name="testAmountOfEmptySearch" time="27.836"/>
  <testcase classname="tests.SearchTests" name="testCancelSearch" time="24.324"/>
  <testcase classname="tests.SearchTests" name="testSearch" time="26.779"/>
</testsuite>